<?xml version="1.0" encoding="UTF-8"?>
<!-- Generated by org.testng.reporters.JUnitReportReporter -->
<testsuite hostname="CROWELT077" failures="0" tests="1" name="tests.TC001_Login" time="23.430" errors="0" timestamp="29 Aug 2020 14:08:51 GMT" skipped="0">
  <testcase classname="tests.TC001_Login" name="login" time="23.430"/>
</testsuite> <!-- tests.TC001_Login -->
