<?xml version="1.0" encoding="UTF-8"?>
<!-- Generated by org.testng.reporters.JUnitReportReporter -->
<testsuite hostname="CROWELT077" failures="0" tests="1" name="tests.TC003_CreateIncident" time="98.831" errors="0" timestamp="29 Aug 2020 17:40:52 GMT" skipped="0">
  <testcase classname="tests.TC003_CreateIncident" name="login" time="98.831"/>
</testsuite> <!-- tests.TC003_CreateIncident -->
