<?xml version="1.0" encoding="UTF-8"?>
<!-- Generated by org.testng.reporters.JUnitReportReporter -->
<testsuite hostname="CROWELT077" failures="0" tests="2" name="LearnJSExecutor.JSExecutor" time="21.865" errors="0" timestamp="30 Aug 2020 13:25:25 GMT" skipped="1">
  <testcase classname="LearnJSExecutor.JSExecutor" name="zoom" time="21.865"/>
  <testcase classname="LearnJSExecutor.JSExecutor" name="scroll">
    <skipped/>
  </testcase> <!-- scroll -->
</testsuite> <!-- LearnJSExecutor.JSExecutor -->
